/home/ljj/projecets/install/tribot/lib/python3.8/site-packages/tribot/kinematic.py
/home/ljj/projecets/install/tribot/lib/python3.8/site-packages/tribot/__init__.py
/home/ljj/projecets/install/tribot/lib/python3.8/site-packages/tribot/node_helloworld.py
/home/ljj/projecets/install/tribot/lib/python3.8/site-packages/tribot/tribot_teleop.py
/home/ljj/projecets/install/tribot/lib/python3.8/site-packages/tribot/teleop.py
/home/ljj/projecets/install/tribot/lib/python3.8/site-packages/tribot/__pycache__/kinematic.cpython-38.pyc
/home/ljj/projecets/install/tribot/lib/python3.8/site-packages/tribot/__pycache__/__init__.cpython-38.pyc
/home/ljj/projecets/install/tribot/lib/python3.8/site-packages/tribot/__pycache__/node_helloworld.cpython-38.pyc
/home/ljj/projecets/install/tribot/lib/python3.8/site-packages/tribot/__pycache__/tribot_teleop.cpython-38.pyc
/home/ljj/projecets/install/tribot/lib/python3.8/site-packages/tribot/__pycache__/teleop.cpython-38.pyc
/home/ljj/projecets/install/tribot/share/ament_index/resource_index/packages/tribot
/home/ljj/projecets/install/tribot/share/tribot/package.xml
/home/ljj/projecets/install/tribot/share/tribot/launch/view_tribot_world.launch.py
/home/ljj/projecets/install/tribot/share/tribot/launch/tribot.launch.py
/home/ljj/projecets/install/tribot/share/tribot/launch/set_kinematic.launch.py
/home/ljj/projecets/install/tribot/share/tribot/launch/tribot_teleop.launch.py
/home/ljj/projecets/install/tribot/share/tribot/config/joint_names_tribot_description.yaml
/home/ljj/projecets/install/tribot/share/tribot/urdf/tribot_gazebo.xacro
/home/ljj/projecets/install/tribot/share/tribot/urdf/tribot_lidar.xacro
/home/ljj/projecets/install/tribot/share/tribot/urdf/tribot_base.xacro
/home/ljj/projecets/install/tribot/share/tribot/urdf/tribot_camera.xacro
/home/ljj/projecets/install/tribot/share/tribot/urdf/tribot_wheel.xacro
/home/ljj/projecets/install/tribot/share/tribot/urdf/tribot_description.urdf
/home/ljj/projecets/install/tribot/share/tribot/urdf/tribot_description.csv
/home/ljj/projecets/install/tribot/share/tribot/meshes/lidar_link.STL
/home/ljj/projecets/install/tribot/share/tribot/meshes/wheel3_link.STL
/home/ljj/projecets/install/tribot/share/tribot/meshes/camera_link.STL
/home/ljj/projecets/install/tribot/share/tribot/meshes/wheel1_link.STL
/home/ljj/projecets/install/tribot/share/tribot/meshes/base_link.STL
/home/ljj/projecets/install/tribot/share/tribot/meshes/wheel2_link.STL
/home/ljj/projecets/install/tribot/share/tribot/urdf
/home/ljj/projecets/install/tribot/share/tribot/worlds/empty_world.model
/home/ljj/projecets/install/tribot/share/tribot/worlds/neighborhood.world
/home/ljj/projecets/install/tribot/share/tribot/rviz/urdf_gazebo_config.rviz
/home/ljj/projecets/install/tribot/lib/python3.8/site-packages/tribot-0.0.0-py3.8.egg-info/PKG-INFO
/home/ljj/projecets/install/tribot/lib/python3.8/site-packages/tribot-0.0.0-py3.8.egg-info/zip-safe
/home/ljj/projecets/install/tribot/lib/python3.8/site-packages/tribot-0.0.0-py3.8.egg-info/dependency_links.txt
/home/ljj/projecets/install/tribot/lib/python3.8/site-packages/tribot-0.0.0-py3.8.egg-info/requires.txt
/home/ljj/projecets/install/tribot/lib/python3.8/site-packages/tribot-0.0.0-py3.8.egg-info/SOURCES.txt
/home/ljj/projecets/install/tribot/lib/python3.8/site-packages/tribot-0.0.0-py3.8.egg-info/entry_points.txt
/home/ljj/projecets/install/tribot/lib/python3.8/site-packages/tribot-0.0.0-py3.8.egg-info/top_level.txt
/home/ljj/projecets/install/tribot/lib/tribot/kinematic
/home/ljj/projecets/install/tribot/lib/tribot/tribot_teleop
